Starting generation of all 20 robots × 4 HP states...
Time: Thu Feb 19 17:08:46 UTC 2026


═══════════════════════════════════════
Robot 01: neon_viper
═══════════════════════════════════════
  SKIP (exists): 01_neon_viper_fresh.png
  Generating 01_neon_viper_neutral.png...
    ✓ 01_neon_viper_neutral.png
  Generating 01_neon_viper_hurt.png...
    ✓ 01_neon_viper_hurt.png
  Generating 01_neon_viper_critical.png...
    ✓ 01_neon_viper_critical.png
  Removing backgrounds for 01_neon_viper_*...
    rembg: 01_neon_viper_critical.png
      ✓ done
    rembg: 01_neon_viper_fresh.png
      ✓ done
    rembg: 01_neon_viper_hurt.png
      ✓ done
    rembg: 01_neon_viper_neutral.png
      ✓ done

═══════════════════════════════════════
Robot 02: cyber_fang
═══════════════════════════════════════
  Generating 02_cyber_fang_fresh.png...
    ✓ 02_cyber_fang_fresh.png
  Generating 02_cyber_fang_neutral.png...
    ✓ 02_cyber_fang_neutral.png
  Generating 02_cyber_fang_hurt.png...
    ✓ 02_cyber_fang_hurt.png
  Generating 02_cyber_fang_critical.png...
    ✓ 02_cyber_fang_critical.png
  Removing backgrounds for 02_cyber_fang_*...
    rembg: 02_cyber_fang_critical.png
      ✓ done
    rembg: 02_cyber_fang_fresh.png
      ✓ done
    rembg: 02_cyber_fang_hurt.png
      ✓ done
    rembg: 02_cyber_fang_neutral.png
      ✓ done

═══════════════════════════════════════
Robot 03: shadow_ninja
═══════════════════════════════════════
  Generating 03_shadow_ninja_fresh.png...
    ✓ 03_shadow_ninja_fresh.png
  Generating 03_shadow_ninja_neutral.png...
    ✓ 03_shadow_ninja_neutral.png
  Generating 03_shadow_ninja_hurt.png...
    ✓ 03_shadow_ninja_hurt.png
  Generating 03_shadow_ninja_critical.png...
    ✓ 03_shadow_ninja_critical.png
  Removing backgrounds for 03_shadow_ninja_*...
    rembg: 03_shadow_ninja_critical.png
      ✓ done
    rembg: 03_shadow_ninja_fresh.png
      ✓ done
    rembg: 03_shadow_ninja_hurt.png
      ✓ done
    rembg: 03_shadow_ninja_neutral.png
      ✓ done

═══════════════════════════════════════
Robot 04: iron_golem
═══════════════════════════════════════
  Generating 04_iron_golem_fresh.png...
    ✓ 04_iron_golem_fresh.png
  Generating 04_iron_golem_neutral.png...
    ✓ 04_iron_golem_neutral.png
  Generating 04_iron_golem_hurt.png...
    ✓ 04_iron_golem_hurt.png
  Generating 04_iron_golem_critical.png...
    ✓ 04_iron_golem_critical.png
  Removing backgrounds for 04_iron_golem_*...
    rembg: 04_iron_golem_critical.png
      ✓ done
    rembg: 04_iron_golem_fresh.png
      ✓ done
    rembg: 04_iron_golem_hurt.png
      ✓ done
    rembg: 04_iron_golem_neutral.png
      ✓ done

═══════════════════════════════════════
Robot 05: laser_hawk
═══════════════════════════════════════
  Generating 05_laser_hawk_fresh.png...
    ✓ 05_laser_hawk_fresh.png
  Generating 05_laser_hawk_neutral.png...
    ✓ 05_laser_hawk_neutral.png
  Generating 05_laser_hawk_hurt.png...
    ✓ 05_laser_hawk_hurt.png
  Generating 05_laser_hawk_critical.png...
    ✓ 05_laser_hawk_critical.png
  Removing backgrounds for 05_laser_hawk_*...
    rembg: 05_laser_hawk_critical.png
      ✓ done
    rembg: 05_laser_hawk_fresh.png
      ✓ done
    rembg: 05_laser_hawk_hurt.png
      ✓ done
    rembg: 05_laser_hawk_neutral.png
      ✓ done

═══════════════════════════════════════
Robot 06: tech_samurai
═══════════════════════════════════════
  Generating 06_tech_samurai_fresh.png...
    ✓ 06_tech_samurai_fresh.png
  Generating 06_tech_samurai_neutral.png...
    ✓ 06_tech_samurai_neutral.png
  Generating 06_tech_samurai_hurt.png...
    ✓ 06_tech_samurai_hurt.png
  Generating 06_tech_samurai_critical.png...
    ✓ 06_tech_samurai_critical.png
  Removing backgrounds for 06_tech_samurai_*...
    rembg: 06_tech_samurai_critical.png
      ✓ done
    rembg: 06_tech_samurai_fresh.png
      ✓ done
    rembg: 06_tech_samurai_hurt.png
      ✓ done
    rembg: 06_tech_samurai_neutral.png
      ✓ done

═══════════════════════════════════════
Robot 07: crystal_mage
═══════════════════════════════════════
  Generating 07_crystal_mage_fresh.png...
    ✓ 07_crystal_mage_fresh.png
  Generating 07_crystal_mage_neutral.png...
    ✓ 07_crystal_mage_neutral.png
  Generating 07_crystal_mage_hurt.png...
    ✓ 07_crystal_mage_hurt.png
  Generating 07_crystal_mage_critical.png...
    ✓ 07_crystal_mage_critical.png
  Removing backgrounds for 07_crystal_mage_*...
    rembg: 07_crystal_mage_critical.png
      ✓ done
    rembg: 07_crystal_mage_fresh.png
      ✓ done
    rembg: 07_crystal_mage_hurt.png
      ✓ done
    rembg: 07_crystal_mage_neutral.png
      ✓ done

═══════════════════════════════════════
Robot 08: storm_trooper
═══════════════════════════════════════
  Generating 08_storm_trooper_fresh.png...
    ✓ 08_storm_trooper_fresh.png
  Generating 08_storm_trooper_neutral.png...
    ✓ 08_storm_trooper_neutral.png
  Generating 08_storm_trooper_hurt.png...
    ✓ 08_storm_trooper_hurt.png
  Generating 08_storm_trooper_critical.png...
    ✓ 08_storm_trooper_critical.png
  Removing backgrounds for 08_storm_trooper_*...
    rembg: 08_storm_trooper_critical.png
      ✓ done
    rembg: 08_storm_trooper_fresh.png
      ✓ done
    rembg: 08_storm_trooper_hurt.png
      ✓ done
    rembg: 08_storm_trooper_neutral.png
      ✓ done

═══════════════════════════════════════
Robot 09: phantom_wraith
═══════════════════════════════════════
  Generating 09_phantom_wraith_fresh.png...
    ✓ 09_phantom_wraith_fresh.png
  Generating 09_phantom_wraith_neutral.png...
    ✓ 09_phantom_wraith_neutral.png
  Generating 09_phantom_wraith_hurt.png...
    ✓ 09_phantom_wraith_hurt.png
  Generating 09_phantom_wraith_critical.png...
    ✗ FAILED: ERROR: {"error": {"message": "Billing hard limit has been reached.", "type": "billing_limit_user_error", "param": null, "code": "billing_hard_limit_reached"}} — retrying in 5s...
    ✗✗ PERMANENTLY FAILED: ERROR: {"error": {"message": "Billing hard limit has been reached.", "type": "billing_limit_user_error", "param": null, "code": "billing_hard_limit_reached"}}
  Removing backgrounds for 09_phantom_wraith_*...
    rembg: 09_phantom_wraith_fresh.png
      ✓ done
    rembg: 09_phantom_wraith_hurt.png
      ✓ done
    rembg: 09_phantom_wraith_neutral.png
      ✓ done

═══════════════════════════════════════
Robot 10: mech_spider
═══════════════════════════════════════
  Generating 10_mech_spider_fresh.png...
    ✗ FAILED: ERROR: {"error": {"message": "Billing hard limit has been reached.", "type": "billing_limit_user_error", "param": null, "code": "billing_hard_limit_reached"}} — retrying in 5s...
    ✗✗ PERMANENTLY FAILED: ERROR: {"error": {"message": "Billing hard limit has been reached.", "type": "billing_limit_user_error", "param": null, "code": "billing_hard_limit_reached"}}
  Generating 10_mech_spider_neutral.png...
    ✗ FAILED: ERROR: {"error": {"message": "Billing hard limit has been reached.", "type": "billing_limit_user_error", "param": null, "code": "billing_hard_limit_reached"}} — retrying in 5s...
    ✗✗ PERMANENTLY FAILED: ERROR: {"error": {"message": "Billing hard limit has been reached.", "type": "billing_limit_user_error", "param": null, "code": "billing_hard_limit_reached"}}
  Generating 10_mech_spider_hurt.png...
    ✗ FAILED: ERROR: {"error": {"message": "Billing hard limit has been reached.", "type": "billing_limit_user_error", "param": null, "code": "billing_hard_limit_reached"}} — retrying in 5s...
    ✗✗ PERMANENTLY FAILED: ERROR: {"error": {"message": "Billing hard limit has been reached.", "type": "billing_limit_user_error", "param": null, "code": "billing_hard_limit_reached"}}
  Generating 10_mech_spider_critical.png...
    ✗ FAILED: ERROR: {"error": {"message": "Billing hard limit has been reached.", "type": "billing_limit_user_error", "param": null, "code": "billing_hard_limit_reached"}} — retrying in 5s...
    ✗✗ PERMANENTLY FAILED: ERROR: {"error": {"message": "Billing hard limit has been reached.", "type": "billing_limit_user_error", "param": null, "code": "billing_hard_limit_reached"}}
  Removing backgrounds for 10_mech_spider_*...

═══════════════════════════════════════
Robot 11: dragon_mech
═══════════════════════════════════════
  Generating 11_dragon_mech_fresh.png...
    ✗ FAILED: ERROR: {"error": {"message": "Billing hard limit has been reached.", "type": "billing_limit_user_error", "param": null, "code": "billing_hard_limit_reached"}} — retrying in 5s...
    ✗✗ PERMANENTLY FAILED: ERROR: {"error": {"message": "Billing hard limit has been reached.", "type": "billing_limit_user_error", "param": null, "code": "billing_hard_limit_reached"}}
  Generating 11_dragon_mech_neutral.png...
    ✗ FAILED: ERROR: {"error": {"message": "Billing hard limit has been reached.", "type": "billing_limit_user_error", "param": null, "code": "billing_hard_limit_reached"}} — retrying in 5s...
    ✗✗ PERMANENTLY FAILED: ERROR: {"error": {"message": "Billing hard limit has been reached.", "type": "billing_limit_user_error", "param": null, "code": "billing_hard_limit_reached"}}
  Generating 11_dragon_mech_hurt.png...
    ✗ FAILED: ERROR: {"error": {"message": "Billing hard limit has been reached.", "type": "billing_limit_user_error", "param": null, "code": "billing_hard_limit_reached"}} — retrying in 5s...
    ✗✗ PERMANENTLY FAILED: ERROR: {"error": {"message": "Billing hard limit has been reached.", "type": "billing_limit_user_error", "param": null, "code": "billing_hard_limit_reached"}}
  Generating 11_dragon_mech_critical.png...
    ✗ FAILED: ERROR: {"error": {"message": "Billing hard limit has been reached.", "type": "billing_limit_user_error", "param": null, "code": "billing_hard_limit_reached"}} — retrying in 5s...
    ✗✗ PERMANENTLY FAILED: ERROR: {"error": {"message": "Billing hard limit has been reached.", "type": "billing_limit_user_error", "param": null, "code": "billing_hard_limit_reached"}}
  Removing backgrounds for 11_dragon_mech_*...

═══════════════════════════════════════
Robot 12: arctic_frost
═══════════════════════════════════════
  Generating 12_arctic_frost_fresh.png...
    ✗ FAILED: ERROR: {"error": {"message": "Billing hard limit has been reached.", "type": "billing_limit_user_error", "param": null, "code": "billing_hard_limit_reached"}} — retrying in 5s...
    ✗✗ PERMANENTLY FAILED: ERROR: {"error": {"message": "Billing hard limit has been reached.", "type": "billing_limit_user_error", "param": null, "code": "billing_hard_limit_reached"}}
  Generating 12_arctic_frost_neutral.png...
    ✗ FAILED: ERROR: {"error": {"message": "Billing hard limit has been reached.", "type": "billing_limit_user_error", "param": null, "code": "billing_hard_limit_reached"}} — retrying in 5s...
    ✗✗ PERMANENTLY FAILED: ERROR: {"error": {"message": "Billing hard limit has been reached.", "type": "billing_limit_user_error", "param": null, "code": "billing_hard_limit_reached"}}
  Generating 12_arctic_frost_hurt.png...
    ✗ FAILED: ERROR: {"error": {"message": "Billing hard limit has been reached.", "type": "billing_limit_user_error", "param": null, "code": "billing_hard_limit_reached"}} — retrying in 5s...
    ✗✗ PERMANENTLY FAILED: ERROR: {"error": {"message": "Billing hard limit has been reached.", "type": "billing_limit_user_error", "param": null, "code": "billing_hard_limit_reached"}}
  Generating 12_arctic_frost_critical.png...
    ✗ FAILED: ERROR: {"error": {"message": "Billing hard limit has been reached.", "type": "billing_limit_user_error", "param": null, "code": "billing_hard_limit_reached"}} — retrying in 5s...
    ✗✗ PERMANENTLY FAILED: ERROR: {"error": {"message": "Billing hard limit has been reached.", "type": "billing_limit_user_error", "param": null, "code": "billing_hard_limit_reached"}}
  Removing backgrounds for 12_arctic_frost_*...

═══════════════════════════════════════
Robot 13: volcanic_core
═══════════════════════════════════════
  Generating 13_volcanic_core_fresh.png...
    ✗ FAILED: ERROR: {"error": {"message": "Billing hard limit has been reached.", "type": "billing_limit_user_error", "param": null, "code": "billing_hard_limit_reached"}} — retrying in 5s...
    ✗✗ PERMANENTLY FAILED: ERROR: {"error": {"message": "Billing hard limit has been reached.", "type": "billing_limit_user_error", "param": null, "code": "billing_hard_limit_reached"}}
  Generating 13_volcanic_core_neutral.png...
    ✗ FAILED: ERROR: {"error": {"message": "Billing hard limit has been reached.", "type": "billing_limit_user_error", "param": null, "code": "billing_hard_limit_reached"}} — retrying in 5s...
    ✗✗ PERMANENTLY FAILED: ERROR: {"error": {"message": "Billing hard limit has been reached.", "type": "billing_limit_user_error", "param": null, "code": "billing_hard_limit_reached"}}
  Generating 13_volcanic_core_hurt.png...
    ✗ FAILED: ERROR: {"error": {"message": "Billing hard limit has been reached.", "type": "billing_limit_user_error", "param": null, "code": "billing_hard_limit_reached"}} — retrying in 5s...
    ✗✗ PERMANENTLY FAILED: ERROR: {"error": {"message": "Billing hard limit has been reached.", "type": "billing_limit_user_error", "param": null, "code": "billing_hard_limit_reached"}}
  Generating 13_volcanic_core_critical.png...
    ✗ FAILED: ERROR: {"error": {"message": "Billing hard limit has been reached.", "type": "billing_limit_user_error", "param": null, "code": "billing_hard_limit_reached"}} — retrying in 5s...
    ✗✗ PERMANENTLY FAILED: ERROR: {"error": {"message": "Billing hard limit has been reached.", "type": "billing_limit_user_error", "param": null, "code": "billing_hard_limit_reached"}}
  Removing backgrounds for 13_volcanic_core_*...

═══════════════════════════════════════
Robot 14: neon_racer
═══════════════════════════════════════
  Generating 14_neon_racer_fresh.png...
    ✗ FAILED: ERROR: {"error": {"message": "Billing hard limit has been reached.", "type": "billing_limit_user_error", "param": null, "code": "billing_hard_limit_reached"}} — retrying in 5s...
    ✗✗ PERMANENTLY FAILED: ERROR: {"error": {"message": "Billing hard limit has been reached.", "type": "billing_limit_user_error", "param": null, "code": "billing_hard_limit_reached"}}
  Generating 14_neon_racer_neutral.png...
    ✗ FAILED: ERROR: {"error": {"message": "Billing hard limit has been reached.", "type": "billing_limit_user_error", "param": null, "code": "billing_hard_limit_reached"}} — retrying in 5s...
    ✗✗ PERMANENTLY FAILED: ERROR: {"error": {"message": "Billing hard limit has been reached.", "type": "billing_limit_user_error", "param": null, "code": "billing_hard_limit_reached"}}
  Generating 14_neon_racer_hurt.png...
    ✗ FAILED: ERROR: {"error": {"message": "Billing hard limit has been reached.", "type": "billing_limit_user_error", "param": null, "code": "billing_hard_limit_reached"}} — retrying in 5s...
    ✗✗ PERMANENTLY FAILED: ERROR: {"error": {"message": "Billing hard limit has been reached.", "type": "billing_limit_user_error", "param": null, "code": "billing_hard_limit_reached"}}
  Generating 14_neon_racer_critical.png...
    ✗ FAILED: ERROR: {"error": {"message": "Billing hard limit has been reached.", "type": "billing_limit_user_error", "param": null, "code": "billing_hard_limit_reached"}} — retrying in 5s...
    ✗✗ PERMANENTLY FAILED: ERROR: {"error": {"message": "Billing hard limit has been reached.", "type": "billing_limit_user_error", "param": null, "code": "billing_hard_limit_reached"}}
  Removing backgrounds for 14_neon_racer_*...

═══════════════════════════════════════
Robot 15: bio_hazard
═══════════════════════════════════════
  Generating 15_bio_hazard_fresh.png...
    ✗ FAILED: ERROR: {"error": {"message": "Billing hard limit has been reached.", "type": "billing_limit_user_error", "param": null, "code": "billing_hard_limit_reached"}} — retrying in 5s...
    ✗✗ PERMANENTLY FAILED: ERROR: {"error": {"message": "Billing hard limit has been reached.", "type": "billing_limit_user_error", "param": null, "code": "billing_hard_limit_reached"}}
  Generating 15_bio_hazard_neutral.png...
    ✗ FAILED: ERROR: {"error": {"message": "Billing hard limit has been reached.", "type": "billing_limit_user_error", "param": null, "code": "billing_hard_limit_reached"}} — retrying in 5s...
    ✗✗ PERMANENTLY FAILED: ERROR: {"error": {"message": "Billing hard limit has been reached.", "type": "billing_limit_user_error", "param": null, "code": "billing_hard_limit_reached"}}
  Generating 15_bio_hazard_hurt.png...
    ✗ FAILED: ERROR: {"error": {"message": "Billing hard limit has been reached.", "type": "billing_limit_user_error", "param": null, "code": "billing_hard_limit_reached"}} — retrying in 5s...
    ✗✗ PERMANENTLY FAILED: ERROR: {"error": {"message": "Billing hard limit has been reached.", "type": "billing_limit_user_error", "param": null, "code": "billing_hard_limit_reached"}}
  Generating 15_bio_hazard_critical.png...
    ✗ FAILED: ERROR: {"error": {"message": "Billing hard limit has been reached.", "type": "billing_limit_user_error", "param": null, "code": "billing_hard_limit_reached"}} — retrying in 5s...
    ✗✗ PERMANENTLY FAILED: ERROR: {"error": {"message": "Billing hard limit has been reached.", "type": "billing_limit_user_error", "param": null, "code": "billing_hard_limit_reached"}}
  Removing backgrounds for 15_bio_hazard_*...

═══════════════════════════════════════
Robot 16: thunder_bolt
═══════════════════════════════════════
  Generating 16_thunder_bolt_fresh.png...
    ✗ FAILED: ERROR: {"error": {"message": "Billing hard limit has been reached.", "type": "billing_limit_user_error", "param": null, "code": "billing_hard_limit_reached"}} — retrying in 5s...
    ✗✗ PERMANENTLY FAILED: ERROR: {"error": {"message": "Billing hard limit has been reached.", "type": "billing_limit_user_error", "param": null, "code": "billing_hard_limit_reached"}}
  Generating 16_thunder_bolt_neutral.png...
    ✗ FAILED: ERROR: {"error": {"message": "Billing hard limit has been reached.", "type": "billing_limit_user_error", "param": null, "code": "billing_hard_limit_reached"}} — retrying in 5s...
    ✗✗ PERMANENTLY FAILED: ERROR: {"error": {"message": "Billing hard limit has been reached.", "type": "billing_limit_user_error", "param": null, "code": "billing_hard_limit_reached"}}
  Generating 16_thunder_bolt_hurt.png...
    ✗ FAILED: ERROR: {"error": {"message": "Billing hard limit has been reached.", "type": "billing_limit_user_error", "param": null, "code": "billing_hard_limit_reached"}} — retrying in 5s...
    ✗✗ PERMANENTLY FAILED: ERROR: {"error": {"message": "Billing hard limit has been reached.", "type": "billing_limit_user_error", "param": null, "code": "billing_hard_limit_reached"}}
  Generating 16_thunder_bolt_critical.png...
    ✗ FAILED: ERROR: {"error": {"message": "Billing hard limit has been reached.", "type": "billing_limit_user_error", "param": null, "code": "billing_hard_limit_reached"}} — retrying in 5s...
    ✗✗ PERMANENTLY FAILED: ERROR: {"error": {"message": "Billing hard limit has been reached.", "type": "billing_limit_user_error", "param": null, "code": "billing_hard_limit_reached"}}
  Removing backgrounds for 16_thunder_bolt_*...

═══════════════════════════════════════
Robot 17: gravity_well
═══════════════════════════════════════
  Generating 17_gravity_well_fresh.png...
    ✗ FAILED: ERROR: {"error": {"message": "Billing hard limit has been reached.", "type": "billing_limit_user_error", "param": null, "code": "billing_hard_limit_reached"}} — retrying in 5s...
    ✗✗ PERMANENTLY FAILED: ERROR: {"error": {"message": "Billing hard limit has been reached.", "type": "billing_limit_user_error", "param": null, "code": "billing_hard_limit_reached"}}
  Generating 17_gravity_well_neutral.png...
    ✗ FAILED: ERROR: {"error": {"message": "Billing hard limit has been reached.", "type": "billing_limit_user_error", "param": null, "code": "billing_hard_limit_reached"}} — retrying in 5s...
    ✗✗ PERMANENTLY FAILED: ERROR: {"error": {"message": "Billing hard limit has been reached.", "type": "billing_limit_user_error", "param": null, "code": "billing_hard_limit_reached"}}
  Generating 17_gravity_well_hurt.png...
    ✗ FAILED: ERROR: {"error": {"message": "Billing hard limit has been reached.", "type": "billing_limit_user_error", "param": null, "code": "billing_hard_limit_reached"}} — retrying in 5s...
    ✗✗ PERMANENTLY FAILED: ERROR: {"error": {"message": "Billing hard limit has been reached.", "type": "billing_limit_user_error", "param": null, "code": "billing_hard_limit_reached"}}
  Generating 17_gravity_well_critical.png...
    ✗ FAILED: ERROR: {"error": {"message": "Billing hard limit has been reached.", "type": "billing_limit_user_error", "param": null, "code": "billing_hard_limit_reached"}} — retrying in 5s...
    ✗✗ PERMANENTLY FAILED: ERROR: {"error": {"message": "Billing hard limit has been reached.", "type": "billing_limit_user_error", "param": null, "code": "billing_hard_limit_reached"}}
  Removing backgrounds for 17_gravity_well_*...

═══════════════════════════════════════
Robot 18: quantum_shift
═══════════════════════════════════════
  Generating 18_quantum_shift_fresh.png...
    ✗ FAILED: ERROR: {"error": {"message": "Billing hard limit has been reached.", "type": "billing_limit_user_error", "param": null, "code": "billing_hard_limit_reached"}} — retrying in 5s...
    ✗✗ PERMANENTLY FAILED: ERROR: {"error": {"message": "Billing hard limit has been reached.", "type": "billing_limit_user_error", "param": null, "code": "billing_hard_limit_reached"}}
  Generating 18_quantum_shift_neutral.png...
    ✗ FAILED: ERROR: {"error": {"message": "Billing hard limit has been reached.", "type": "billing_limit_user_error", "param": null, "code": "billing_hard_limit_reached"}} — retrying in 5s...
    ✗✗ PERMANENTLY FAILED: ERROR: {"error": {"message": "Billing hard limit has been reached.", "type": "billing_limit_user_error", "param": null, "code": "billing_hard_limit_reached"}}
  Generating 18_quantum_shift_hurt.png...
    ✗ FAILED: ERROR: {"error": {"message": "Billing hard limit has been reached.", "type": "billing_limit_user_error", "param": null, "code": "billing_hard_limit_reached"}} — retrying in 5s...
    ✗✗ PERMANENTLY FAILED: ERROR: {"error": {"message": "Billing hard limit has been reached.", "type": "billing_limit_user_error", "param": null, "code": "billing_hard_limit_reached"}}
  Generating 18_quantum_shift_critical.png...
    ✗ FAILED: ERROR: {"error": {"message": "Billing hard limit has been reached.", "type": "billing_limit_user_error", "param": null, "code": "billing_hard_limit_reached"}} — retrying in 5s...
    ✗✗ PERMANENTLY FAILED: ERROR: {"error": {"message": "Billing hard limit has been reached.", "type": "billing_limit_user_error", "param": null, "code": "billing_hard_limit_reached"}}
  Removing backgrounds for 18_quantum_shift_*...

═══════════════════════════════════════
Robot 19: void_walker
═══════════════════════════════════════
  Generating 19_void_walker_fresh.png...
    ✗ FAILED: ERROR: {"error": {"message": "Billing hard limit has been reached.", "type": "billing_limit_user_error", "param": null, "code": "billing_hard_limit_reached"}} — retrying in 5s...
    ✗✗ PERMANENTLY FAILED: ERROR: {"error": {"message": "Billing hard limit has been reached.", "type": "billing_limit_user_error", "param": null, "code": "billing_hard_limit_reached"}}
  Generating 19_void_walker_neutral.png...
    ✗ FAILED: ERROR: {"error": {"message": "Billing hard limit has been reached.", "type": "billing_limit_user_error", "param": null, "code": "billing_hard_limit_reached"}} — retrying in 5s...
    ✗✗ PERMANENTLY FAILED: ERROR: {"error": {"message": "Billing hard limit has been reached.", "type": "billing_limit_user_error", "param": null, "code": "billing_hard_limit_reached"}}
  Generating 19_void_walker_hurt.png...
    ✗ FAILED: ERROR: {"error": {"message": "Billing hard limit has been reached.", "type": "billing_limit_user_error", "param": null, "code": "billing_hard_limit_reached"}} — retrying in 5s...
    ✗✗ PERMANENTLY FAILED: ERROR: {"error": {"message": "Billing hard limit has been reached.", "type": "billing_limit_user_error", "param": null, "code": "billing_hard_limit_reached"}}
  Generating 19_void_walker_critical.png...
    ✗ FAILED: ERROR: {"error": {"message": "Billing hard limit has been reached.", "type": "billing_limit_user_error", "param": null, "code": "billing_hard_limit_reached"}} — retrying in 5s...
    ✗✗ PERMANENTLY FAILED: ERROR: {"error": {"message": "Billing hard limit has been reached.", "type": "billing_limit_user_error", "param": null, "code": "billing_hard_limit_reached"}}
  Removing backgrounds for 19_void_walker_*...

═══════════════════════════════════════
Robot 20: omega_prime
═══════════════════════════════════════
  Generating 20_omega_prime_fresh.png...
    ✗ FAILED: ERROR: {"error": {"message": "Billing hard limit has been reached.", "type": "billing_limit_user_error", "param": null, "code": "billing_hard_limit_reached"}} — retrying in 5s...
    ✗✗ PERMANENTLY FAILED: ERROR: {"error": {"message": "Billing hard limit has been reached.", "type": "billing_limit_user_error", "param": null, "code": "billing_hard_limit_reached"}}
  Generating 20_omega_prime_neutral.png...
    ✗ FAILED: ERROR: {"error": {"message": "Billing hard limit has been reached.", "type": "billing_limit_user_error", "param": null, "code": "billing_hard_limit_reached"}} — retrying in 5s...
    ✗✗ PERMANENTLY FAILED: ERROR: {"error": {"message": "Billing hard limit has been reached.", "type": "billing_limit_user_error", "param": null, "code": "billing_hard_limit_reached"}}
  Generating 20_omega_prime_hurt.png...
    ✗ FAILED: ERROR: {"error": {"message": "Billing hard limit has been reached.", "type": "billing_limit_user_error", "param": null, "code": "billing_hard_limit_reached"}} — retrying in 5s...
    ✗✗ PERMANENTLY FAILED: ERROR: {"error": {"message": "Billing hard limit has been reached.", "type": "billing_limit_user_error", "param": null, "code": "billing_hard_limit_reached"}}
  Generating 20_omega_prime_critical.png...
    ✗ FAILED: ERROR: {"error": {"message": "Billing hard limit has been reached.", "type": "billing_limit_user_error", "param": null, "code": "billing_hard_limit_reached"}} — retrying in 5s...
    ✗✗ PERMANENTLY FAILED: ERROR: {"error": {"message": "Billing hard limit has been reached.", "type": "billing_limit_user_error", "param": null, "code": "billing_hard_limit_reached"}}
  Removing backgrounds for 20_omega_prime_*...

═══════════════════════════════════════
GENERATION COMPLETE
Generated: 34
Skipped (existing): 1
Failed: 45
Time: Thu Feb 19 17:49:44 UTC 2026
═══════════════════════════════════════
